#-----------------------------------------------------------
# Vivado v2021.1 (64-bit)
# SW Build 3247384 on Thu Jun 10 19:36:07 MDT 2021
# IP Build 3246043 on Fri Jun 11 00:30:35 MDT 2021
# Start of session at: Thu Jun 30 14:21:19 2022
# Process ID: 26015
# Current directory: /home/wlwll6873/vitis_example_my/example_vadd_kernels/vivado_rtl_kernel
# Command line: vivado -mode batch -source /tmp/vivado.11824505614126708173.tmp -notrace
# Log file: /home/wlwll6873/vitis_example_my/example_vadd_kernels/vivado_rtl_kernel/vivado.log
# Journal file: /home/wlwll6873/vitis_example_my/example_vadd_kernels/vivado_rtl_kernel/vivado.jou
#-----------------------------------------------------------
source /tmp/vivado.11824505614126708173.tmp -notrace
INFO: [IP_Flow 19-234] Refreshing IP repositories
INFO: [IP_Flow 19-1704] No user IP repositories specified
INFO: [IP_Flow 19-2313] Loaded Vivado IP repository '/tools/Xilinx/Vivado/2021.1/data/ip'.
create_ip -name rtl_kernel_wizard -vendor xilinx.com -library ip -version 1.0 -module_name rtl_kernel_wizard_0
create_ip: Time (s): cpu = 00:00:10 ; elapsed = 00:00:24 . Memory (MB): peak = 7635.098 ; gain = 0.000 ; free physical = 5732 ; free virtual = 58137
set_property -dict [list CONFIG.KERNEL_NAME {rtl_kernel_wizard_0}] [get_ips rtl_kernel_wizard_0]
generate_target {instantiation_template} [get_files /home/wlwll6873/vitis_example_my/example_vadd_kernels/vivado_rtl_kernel/vivado_rtl_kernel.srcs/sources_1/ip/rtl_kernel_wizard_0/rtl_kernel_wizard_0.xci]
INFO: [IP_Flow 19-1686] Generating 'Instantiation Template' target for IP 'rtl_kernel_wizard_0'...
set_property generate_synth_checkpoint false [get_files /home/wlwll6873/vitis_example_my/example_vadd_kernels/vivado_rtl_kernel/vivado_rtl_kernel.srcs/sources_1/ip/rtl_kernel_wizard_0/rtl_kernel_wizard_0.xci]
generate_target all [get_files /home/wlwll6873/vitis_example_my/example_vadd_kernels/vivado_rtl_kernel/vivado_rtl_kernel.srcs/sources_1/ip/rtl_kernel_wizard_0/rtl_kernel_wizard_0.xci]
INFO: [IP_Flow 19-1686] Generating 'Instantiation Template' target for IP 'rtl_kernel_wizard_0'...
INFO: [IP_Flow 19-1686] Generating 'Synthesis' target for IP 'rtl_kernel_wizard_0'...
INFO: [IP_Flow 19-1686] Generating 'Change Log' target for IP 'rtl_kernel_wizard_0'...
export_ip_user_files -of_objects [get_files /home/wlwll6873/vitis_example_my/example_vadd_kernels/vivado_rtl_kernel/vivado_rtl_kernel.srcs/sources_1/ip/rtl_kernel_wizard_0/rtl_kernel_wizard_0.xci] -no_script -sync -force -quiet
start_gui
open_example_project -force -dir /home/wlwll6873/vitis_example_my/example_vadd_kernels/vivado_rtl_kernel [get_ips rtl_kernel_wizard_0]
INFO: [IP_Flow 19-1686] Generating 'Examples' target for IP 'rtl_kernel_wizard_0'...
open_example_project: Time (s): cpu = 00:00:03 ; elapsed = 00:01:51 . Memory (MB): peak = 7676.137 ; gain = 0.000 ; free physical = 4272 ; free virtual = 56716
exit
INFO: [Common 17-206] Exiting Vivado at Thu Jun 30 14:27:11 2022...
